<?xml version="1.0" encoding="UTF-8"?>
<!-- Generated by org.testng.reporters.JUnitXMLReporter -->
<testsuite ignored="1" hostname="myWorkstation" failures="1" tests="2" name="Error validation test" time="5.592" errors="0" timestamp="2025-02-05T09:40:38 IST">
  <testcase classname="ClinisysReasearchAndDevelopment.Tests.ErrorValidationsTest" name="loginError" time="0.412">
    <skipped/>
  </testcase> <!-- loginError -->
  <testcase classname="ClinisysReasearchAndDevelopment.Tests.ErrorValidationsTest" name="loginError" time="0.376">
    <failure type="java.lang.AssertionError" message="expected [Incorrect emailXXX or password.] but found []">
      <![CDATA[java.lang.AssertionError: expected [Incorrect emailXXX or password.] but found []
at ClinisysReasearchAndDevelopment.Tests.ErrorValidationsTest.loginError(ErrorValidationsTest.java:27)
at java.base/java.util.ArrayList.forEach(ArrayList.java:1597)
... Removed 31 stack frames]]>
    </failure>
  </testcase> <!-- loginError -->
  <testcase classname="ClinisysReasearchAndDevelopment.Tests.ErrorValidationsTest" name="incorrectProductNameError" time="0.0">
    <ignored/>
  </testcase> <!-- incorrectProductNameError -->
</testsuite> <!-- Error validation test -->
